2024/04/06 16:17:15 got message with method "initialize"
2024/04/06 16:17:15 got message with method "initialized"
2024/04/06 16:17:15 got message with method "textDocument/didOpen"
2024/04/06 16:21:06 got message with method "textDocument/didChange"
2024/04/06 16:21:06 got message with method "textDocument/didChange"
2024/04/06 16:21:06 got message with method "textDocument/didChange"
2024/04/06 16:21:07 got message with method "textDocument/didChange"
2024/04/06 16:21:07 got message with method "textDocument/didChange"
2024/04/06 16:21:07 got message with method "textDocument/didChange"
2024/04/06 16:21:13 got message with method "textDocument/didSave"
2024/04/06 16:21:32 got message with method "textDocument/didChange"
2024/04/06 16:21:33 got message with method "textDocument/didChange"
2024/04/06 16:21:35 got message with method "textDocument/didChange"
2024/04/06 16:21:36 got message with method "textDocument/didChange"
2024/04/06 16:21:37 got message with method "textDocument/didSave"
2024/04/06 16:21:47 got message with method "textDocument/didChange"
2024/04/06 16:21:47 got message with method "textDocument/didChange"
2024/04/06 16:21:49 got message with method "textDocument/didSave"
2024/04/06 16:21:55 got message with method "textDocument/didChange"
2024/04/06 16:21:55 got message with method "textDocument/didChange"
2024/04/06 16:21:56 got message with method "textDocument/didChange"
2024/04/06 16:21:56 got message with method "textDocument/didSave"
2024/04/06 16:21:59 got message with method "textDocument/didSave"
2024/04/06 16:22:02 got message with method "textDocument/didSave"
2024/04/06 16:22:02 got message with method "shutdown"
2024/04/06 16:22:02 got message with method "exit"
